<?xml version="1.0" encoding="UTF-8"?>
<testng-results ignored="0" total="1" passed="1" failed="0" skipped="0">
  <reporter-output>
  </reporter-output>
  <suite started-at="2022-09-19T18:09:05 IST" name="Default suite" finished-at="2022-09-19T18:09:15 IST" duration-ms="10288">
    <groups>
    </groups>
    <test started-at="2022-09-19T18:09:05 IST" name="Default test" finished-at="2022-09-19T18:09:15 IST" duration-ms="10288">
      <class name="SignIn">
        <test-method signature="signIn()[pri:0, instance:SignIn@50a638b5]" started-at="2022-09-19T18:09:05 IST" name="signIn" finished-at="2022-09-19T18:09:15 IST" duration-ms="10225" status="PASS">
          <reporter-output>
          </reporter-output>
        </test-method> <!-- signIn -->
      </class> <!-- SignIn -->
    </test> <!-- Default test -->
  </suite> <!-- Default suite -->
</testng-results>
